<?xml version="1.0" encoding="UTF-8"?>
<!-- Generated by org.testng.reporters.JUnitXMLReporter -->
<testsuite ignored="3" hostname="Affle-Laptop-353" failures="0" tests="1" name="Test2" time="48.78" errors="0" timestamp="2024-09-07T00:05:52 IST">
  <testcase classname="LTA_Package_testng.LTA_After_login_Pop" name="testContinueButtonWithCheckbox" time="1.221"/>
  <testcase classname="LTA_Package_testng.LTA_After_login_Pop" name="TestCaseElementDisplay" time="0.0">
    <ignored/>
  </testcase> <!-- TestCaseElementDisplay -->
  <testcase classname="LTA_Package_testng.LTA_After_login_Pop" name="testContinueButtonWithoutCheckbox" time="0.0">
    <ignored/>
  </testcase> <!-- testContinueButtonWithoutCheckbox -->
  <testcase classname="LTA_Package_testng.LTA_After_login_Pop" name="testTermsAndConditionsLink" time="0.0">
    <ignored/>
  </testcase> <!-- testTermsAndConditionsLink -->
</testsuite> <!-- Test2 -->
