<?xml version="1.0" encoding="UTF-8"?>
<!-- Generated by org.testng.reporters.JUnitXMLReporter -->
<testsuite ignored="0" hostname="Affle-Laptop-353" failures="0" tests="4" name="Test" time="0.21" errors="0" timestamp="2024-08-01T22:29:15 IST">
  <testcase classname="LTA_Package_testng.Popup_Before_Login" name="search" time="0.019"/>
  <testcase classname="LTA_Package_testng.Popup_Before_Login" name="login" time="0.008"/>
  <testcase classname="LTA_Package_testng.LTA_After_login_Pop" name="search" time="0.006"/>
  <testcase classname="LTA_Package_testng.LTA_After_login_Pop" name="login" time="0.006"/>
</testsuite> <!-- Test -->
