<?xml version="1.0" encoding="UTF-8"?>
<!-- Generated by org.testng.reporters.JUnitXMLReporter -->
<testsuite ignored="0" hostname="Affle-Laptop-353" failures="0" tests="3" name="Test2" time="46.258" errors="0" timestamp="2024-08-03T20:07:22 IST">
  <testcase classname="LTA_Package_testng.LTA_After_login_Pop" name="TestCaseElementDisplay" time="0.352"/>
  <testcase classname="LTA_Package_testng.LTA_After_login_Pop" name="testContinueButtonWithoutCheckbox" time="0.336"/>
  <testcase classname="LTA_Package_testng.LTA_After_login_Pop" name="testTermsAndConditionsLink" time="0.37"/>
</testsuite> <!-- Test2 -->
