<?xml version="1.0" encoding="UTF-8"?>
<testng-results ignored="0" total="1" passed="1" failed="0" skipped="0">
  <reporter-output>
  </reporter-output>
  <suite started-at="2024-09-07T15:01:13 IST" name="Surefire suite" finished-at="2024-09-07T15:01:13 IST" duration-ms="16">
    <groups>
    </groups>
    <test started-at="2024-09-07T15:01:13 IST" name="Surefire test" finished-at="2024-09-07T15:01:13 IST" duration-ms="16">
      <class name="RestAssuredProjectOne.LTA_Project_By_Testng.AppTest">
        <test-method signature="testApp()[pri:0, instance:testApp(RestAssuredProjectOne.LTA_Project_By_Testng.AppTest)]" started-at="2024-09-07T15:01:13 IST" name="testApp" finished-at="2024-09-07T15:01:13 IST" duration-ms="3" status="PASS">
          <reporter-output>
          </reporter-output>
        </test-method> <!-- testApp -->
      </class> <!-- RestAssuredProjectOne.LTA_Project_By_Testng.AppTest -->
    </test> <!-- Surefire test -->
  </suite> <!-- Surefire suite -->
</testng-results>
