<?xml version="1.0" encoding="UTF-8"?>
<testng-results ignored="3" total="4" passed="1" failed="0" skipped="0">
  <reporter-output>
  </reporter-output>
  <suite started-at="2024-09-07T00:05:03 IST" name="Suite" finished-at="2024-09-07T00:05:51 IST" duration-ms="48780">
    <groups>
    </groups>
    <test started-at="2024-09-07T00:05:03 IST" name="Test2" finished-at="2024-09-07T00:05:51 IST" duration-ms="48780">
      <class name="LTA_Package_testng.LTA_After_login_Pop">
        <test-method is-config="true" signature="beforeLogin()[pri:0, instance:LTA_Package_testng.LTA_After_login_Pop@55141def]" started-at="2024-09-07T00:05:03 IST" name="beforeLogin" finished-at="2024-09-07T00:05:50 IST" duration-ms="47453" status="PASS">
          <reporter-output>
          </reporter-output>
        </test-method> <!-- beforeLogin -->
        <test-method signature="testContinueButtonWithCheckbox()[pri:0, instance:LTA_Package_testng.LTA_After_login_Pop@55141def]" started-at="2024-09-07T00:05:50 IST" name="testContinueButtonWithCheckbox" finished-at="2024-09-07T00:05:51 IST" duration-ms="1221" status="PASS">
          <reporter-output>
          </reporter-output>
        </test-method> <!-- testContinueButtonWithCheckbox -->
      </class> <!-- LTA_Package_testng.LTA_After_login_Pop -->
    </test> <!-- Test2 -->
  </suite> <!-- Suite -->
</testng-results>
