<?xml version="1.0" encoding="UTF-8"?>
<testng-results ignored="0" total="1" passed="1" failed="0" skipped="0">
  <reporter-output>
  </reporter-output>
  <suite started-at="2025-05-07T22:28:41 IST" name="Suite" finished-at="2025-05-07T22:28:53 IST" duration-ms="11930">
    <groups>
    </groups>
    <test started-at="2025-05-07T22:28:41 IST" name="LoginTest" finished-at="2025-05-07T22:28:53 IST" duration-ms="11930">
      <class name="tests.LoginTest">
        <test-method is-config="true" signature="setup()[pri:0, instance:tests.LoginTest@323b36e0]" started-at="2025-05-07T22:28:41 IST" name="setup" finished-at="2025-05-07T22:28:44 IST" duration-ms="3062" status="PASS">
          <reporter-output>
          </reporter-output>
        </test-method> <!-- setup -->
        <test-method signature="testLogin()[pri:0, instance:tests.LoginTest@323b36e0]" started-at="2025-05-07T22:28:44 IST" name="testLogin" finished-at="2025-05-07T22:28:53 IST" duration-ms="8814" status="PASS">
          <reporter-output>
          </reporter-output>
        </test-method> <!-- testLogin -->
      </class> <!-- tests.LoginTest -->
    </test> <!-- LoginTest -->
  </suite> <!-- Suite -->
</testng-results>
